<?xml version="1.0" encoding="UTF-8"?>
<!-- Generated by org.testng.reporters.JUnitReportReporter -->
<testsuite hostname="Jitesh" failures="0" tests="4" name="NightStay.FullFlowWithWaits_Chrome" time="107.145" errors="0" timestamp="2023-11-16T12:40:11 IST" skipped="0">
  <testcase classname="NightStay.FullFlowWithWaits_Chrome" name="SelectRoomPart3" time="5.105"/>
  <testcase classname="NightStay.FullFlowWithWaits_Chrome" name="EnterMobileAndOtpPart5" time="65.367"/>
  <testcase classname="NightStay.FullFlowWithWaits_Chrome" name="FillFormPart1AndClickFindPart2" time="10.848"/>
  <testcase classname="NightStay.FullFlowWithWaits_Chrome" name="FillMemberDetailsPart4" time="25.825"/>
</testsuite> <!-- NightStay.FullFlowWithWaits_Chrome -->
