<?xml version="1.0" encoding="UTF-8"?>
<!-- Generated by org.testng.reporters.JUnitReportReporter -->
<testsuite hostname="Jitesh" failures="0" tests="1" name="booking.CurrentBooking" time="54.022" errors="0" timestamp="2024-01-07T10:40:19 IST" skipped="0">
  <testcase classname="booking.CurrentBooking" name="doBooking" time="54.022"/>
</testsuite> <!-- booking.CurrentBooking -->
