<?xml version="1.0" encoding="UTF-8"?>
<!-- Generated by org.testng.reporters.JUnitReportReporter -->
<testsuite hostname="Jitesh" failures="0" tests="1" name="NightStay.KillChromeAndEdge" time="4.133" errors="0" timestamp="2023-12-20T14:11:38 IST" skipped="0">
  <testcase classname="NightStay.KillChromeAndEdge" name="KillChromeAndEdgeMethod" time="4.133"/>
</testsuite> <!-- NightStay.KillChromeAndEdge -->
