<?xml version="1.0" encoding="UTF-8"?>
<!-- Generated by org.testng.reporters.JUnitReportReporter -->
<testsuite hostname="Jitesh" failures="0" tests="1" name="booking.TatkalBooking" time="10.247" errors="0" timestamp="2024-02-02T15:40:00 IST" skipped="0">
  <testcase classname="booking.TatkalBooking" name="doBooking" time="10.247"/>
</testsuite> <!-- booking.TatkalBooking -->
