<?xml version="1.0" encoding="UTF-8"?>
<!-- Generated by org.testng.reporters.JUnitReportReporter -->
<testsuite hostname="Jitesh" failures="0" tests="4" name="NightStay.FullFlowWithWaits_Profile1_SamePort" time="252.604" errors="0" timestamp="2023-12-19T22:23:30 IST" skipped="0">
  <testcase classname="NightStay.FullFlowWithWaits_Profile1_SamePort" name="SelectRoomPart3" time="2.037"/>
  <testcase classname="NightStay.FullFlowWithWaits_Profile1_SamePort" name="FillFormPart1AndClickFindPart2" time="14.312"/>
  <testcase classname="NightStay.FullFlowWithWaits_Profile1_SamePort" name="FillMemberDetailsPart4" time="25.445"/>
  <testcase classname="NightStay.FullFlowWithWaits_Profile1_SamePort" name="EnterMobileAndOtpPart5" time="210.810"/>
</testsuite> <!-- NightStay.FullFlowWithWaits_Profile1_SamePort -->
