<?xml version="1.0" encoding="UTF-8"?>
<!-- Generated by org.testng.reporters.JUnitReportReporter -->
<testsuite hostname="Jitesh" failures="0" tests="4" name="NightStay.FullFlowWithWaits_Edge" time="156.488" errors="0" timestamp="2023-11-13T20:36:00 IST" skipped="0">
  <testcase classname="NightStay.FullFlowWithWaits_Edge" name="EnterMobileAndOtpPart5" time="104.917"/>
  <testcase classname="NightStay.FullFlowWithWaits_Edge" name="SelectRoomPart3" time="5.976"/>
  <testcase classname="NightStay.FullFlowWithWaits_Edge" name="FillFormPart1AndClickFindPart2" time="13.980"/>
  <testcase classname="NightStay.FullFlowWithWaits_Edge" name="FillMemberDetailsPart4" time="31.615"/>
</testsuite> <!-- NightStay.FullFlowWithWaits_Edge -->
