<?xml version="1.0" encoding="UTF-8"?>
<!-- Generated by org.testng.reporters.JUnitReportReporter -->
<testsuite hostname="Jitesh" failures="0" tests="1" name="NightStay.FullFlowWithWaits_Profile1_WithRetry" time="112.435" errors="0" timestamp="2023-11-19T17:30:11 IST" skipped="0">
  <testcase classname="NightStay.FullFlowWithWaits_Profile1_WithRetry" name="prerequisite" time="112.435"/>
</testsuite> <!-- NightStay.FullFlowWithWaits_Profile1_WithRetry -->
