<?xml version="1.0" encoding="UTF-8"?>
<!-- Generated by org.testng.reporters.JUnitReportReporter -->
<testsuite hostname="Jitesh" failures="0" tests="4" name="NightStay.FullFlowWithWaits_Profile2" time="124.220" errors="0" timestamp="2023-12-20T14:27:52 IST" skipped="0">
  <testcase classname="NightStay.FullFlowWithWaits_Profile2" name="FillMemberDetailsPart4" time="27.462"/>
  <testcase classname="NightStay.FullFlowWithWaits_Profile2" name="FillFormPart1AndClickFindPart2" time="6.497"/>
  <testcase classname="NightStay.FullFlowWithWaits_Profile2" name="EnterMobileAndOtpPart5" time="85.242"/>
  <testcase classname="NightStay.FullFlowWithWaits_Profile2" name="SelectRoomPart3" time="5.019"/>
</testsuite> <!-- NightStay.FullFlowWithWaits_Profile2 -->
