<?xml version="1.0" encoding="UTF-8"?>
<!-- Generated by org.testng.reporters.JUnitReportReporter -->
<testsuite hostname="Jitesh" failures="0" tests="1" name="booking.KillChrome" time="2.103" errors="0" timestamp="2024-02-01T12:35:27 IST" skipped="0">
  <testcase classname="booking.KillChrome" name="KillChromeMethod" time="2.103"/>
</testsuite> <!-- booking.KillChrome -->
