<?xml version="1.0" encoding="UTF-8"?>
<!-- Generated by org.testng.reporters.JUnitReportReporter -->
<testsuite hostname="Jitesh" failures="0" tests="1" name="booking.KillChromeAndEdge" time="2.058" errors="0" timestamp="2023-12-25T13:11:41 IST" skipped="0">
  <testcase classname="booking.KillChromeAndEdge" name="KillChromeAndEdgeMethod" time="2.058"/>
</testsuite> <!-- booking.KillChromeAndEdge -->
