<?xml version="1.0" encoding="UTF-8"?>
<!-- Generated by org.testng.reporters.JUnitReportReporter -->
<testsuite hostname="Jitesh" failures="0" tests="1" name="NightStay.LaunchBrowserProfile1" time="0.018" errors="0" timestamp="2023-11-09T10:59:32 IST" skipped="0">
  <testcase classname="NightStay.LaunchBrowserProfile1" name="LaunchBrowserProfile01" time="0.018"/>
</testsuite> <!-- NightStay.LaunchBrowserProfile1 -->
